生成启动时间为 2014/8/12 0:21:46。
     1>项目“D:\QtProject\encoding\encoding.vcxproj”在节点 2 上(Rebuild 个目标)。
     1>CustomBuild:
         Moc'ing mainwindow.h...
         Moc'ing openfiledlg.h...
         Uic'ing mainwindow.ui...
         Uic'ing openfiledlg.ui...
       ClCompile:
         C:\Program Files (x86)\Microsoft Visual Studio 11.0\VC\bin\CL.exe /c /IC:\Qt\Qt5.3.1\5.3\msvc2012_opengl\include /IC:\Qt\Qt5.3.1\5.3\msvc2012_opengl\include\QtWidgets /IC:\Qt\Qt5.3.1\5.3\msvc2012_opengl\include\QtGui /IC:\Qt\Qt5.3.1\5.3\msvc2012_opengl\include\QtCore /Idebug /I. /I"C:\Qt\Qt5.3.1\5.3\msvc2012_opengl\mkspecs\win32-msvc2012" /I.\GeneratedFiles /Zi /nologo /W3 /WX- /Od /Oy- /D _WINDOWS /D UNICODE /D WIN32 /D QT_WIDGETS_LIB /D QT_GUI_LIB /D QT_CORE_LIB /Gm- /EHsc /MDd /GS /fp:precise /Zc:wchar_t /Zc:forScope /GR /Fo"Win32\Debug\\" /Fd"Win32\Debug\vc110.pdb" /Gd /TP /analyze- /errorReport:prompt -Zm200 -w34100 -w34189 Debug\moc_mainwindow.cpp Debug\moc_openfiledlg.cpp main.cpp mainwindow.cpp openfiledlg.cpp
         moc_mainwindow.cpp
         moc_openfiledlg.cpp
         main.cpp
         mainwindow.cpp
         openfiledlg.cpp
         正在生成代码...
       Link:
         C:\Program Files (x86)\Microsoft Visual Studio 11.0\VC\bin\link.exe /ERRORREPORT:PROMPT /OUT:"debug\\encoding.exe" /NOLOGO /LIBPATH:C:\Qt\Qt5.3.1\5.3\msvc2012_opengl\lib /LIBPATH:C:\Qt\Qt5.3.1\5.3\msvc2012_opengl\lib /LIBPATH:C:\Qt\Qt5.3.1\5.3\msvc2012_opengl\lib glu32.lib opengl32.lib gdi32.lib user32.lib C:\Qt\Qt5.3.1\5.3\msvc2012_opengl\lib\qtmaind.lib C:\Qt\Qt5.3.1\5.3\msvc2012_opengl\lib\Qt5Cored.lib C:\Qt\Qt5.3.1\5.3\msvc2012_opengl\lib\Qt5Widgetsd.lib C:\Qt\Qt5.3.1\5.3\msvc2012_opengl\lib\Qt5Guid.lib C:\Qt\Qt5.3.1\5.3\msvc2012_opengl\lib\Qt5Cored.lib kernel32.lib user32.lib gdi32.lib winspool.lib comdlg32.lib advapi32.lib shell32.lib ole32.lib oleaut32.lib uuid.lib odbc32.lib odbccp32.lib /MANIFEST /MANIFESTUAC:"level='asInvoker' uiAccess='false'" /manifest:embed /DEBUG /PDB:"debug\encoding.pdb" /SUBSYSTEM:WINDOWS /TLBID:1 /DYNAMICBASE /NXCOMPAT /MACHINE:X86 /SAFESEH "/MANIFESTDEPENDENCY:type='win32' name='Microsoft.Windows.Common-Controls' version='6.0.0.0' publicKeyToken='6595b64144ccf1df' language='*' processorArchitecture='*'" Win32\Debug\moc_mainwindow.obj
         Win32\Debug\moc_openfiledlg.obj
         Win32\Debug\main.obj
         Win32\Debug\mainwindow.obj
         Win32\Debug\openfiledlg.obj
     1>LINK : fatal error LNK1201: 写入程序数据库“D:\QtProject\encoding\debug\encoding.pdb”时出错；请检查是否是磁盘空间不足、路径无效或权限不够
     1>已完成生成项目“D:\QtProject\encoding\encoding.vcxproj”(Rebuild 个目标)的操作 - 失败。

生成失败。

已用时间 00:00:06.81
