D:\QTPROJECT\ENCODING\WIN32\DEBUG\OPENFILEDLG.OBJ
D:\QTPROJECT\ENCODING\WIN32\DEBUG\MAINWINDOW.OBJ
D:\QTPROJECT\ENCODING\WIN32\DEBUG\MAIN.OBJ
D:\QTPROJECT\ENCODING\WIN32\DEBUG\MOC_OPENFILEDLG.OBJ
D:\QTPROJECT\ENCODING\WIN32\DEBUG\MOC_MAINWINDOW.OBJ
D:\QTPROJECT\ENCODING\WIN32\DEBUG\VC110.PDB
D:\QTPROJECT\ENCODING\DEBUG\MOC_MAINWINDOW.CPP
D:\QTPROJECT\ENCODING\DEBUG\MOC_OPENFILEDLG.CPP
D:\QTPROJECT\ENCODING\GENERATEDFILES\UI_MAINWINDOW.H
D:\QTPROJECT\ENCODING\GENERATEDFILES\UI_OPENFILEDLG.H
D:\QtProject\encoding\Win32\Debug\main.obj
D:\QtProject\encoding\Win32\Debug\mainwindow.obj
D:\QtProject\encoding\Win32\Debug\moc_mainwindow.obj
D:\QtProject\encoding\Win32\Debug\moc_openfiledlg.obj
D:\QtProject\encoding\Win32\Debug\openfiledlg.obj
D:\QtProject\encoding\Win32\Debug\cl.command.1.tlog
D:\QtProject\encoding\Win32\Debug\CL.read.1.tlog
D:\QtProject\encoding\Win32\Debug\CL.write.1.tlog
D:\QtProject\encoding\Win32\Debug\custombuild.command.1.tlog
D:\QtProject\encoding\Win32\Debug\custombuild.read.1.tlog
D:\QtProject\encoding\Win32\Debug\custombuild.write.1.tlog
D:\QtProject\encoding\Win32\Debug\link-cvtres.read.1.tlog
D:\QtProject\encoding\Win32\Debug\link-cvtres.write.1.tlog
D:\QtProject\encoding\Win32\Debug\link-rc.read.1.tlog
D:\QtProject\encoding\Win32\Debug\link-rc.write.1.tlog
D:\QtProject\encoding\Win32\Debug\link.command.1.tlog
D:\QtProject\encoding\Win32\Debug\link.read.1.tlog
D:\QtProject\encoding\Win32\Debug\link.write.1.tlog
D:\QtProject\encoding\Win32\Debug\vc110.pdb
